<?xml version="1.0" encoding="UTF-8"?>
<!-- Generated by org.testng.reporters.JUnitReportReporter -->
<testsuite hostname="SANKAPPA" failures="1" tests="11" name="Class2.TestCase12_AddProductsIn_Cart" time="35.918" errors="0" timestamp="2023-11-21T19:46:59 IST" skipped="5">
  <testcase classname="Class2.TestCase12_AddProductsIn_Cart" name="testHomePageVisibility" time="0.257"/>
  <testcase classname="Class2.TestCase12_AddProductsIn_Cart" name="productselect" time="15.742"/>
  <testcase classname="Class2.TestCase12_AddProductsIn_Cart" name="productaddtocart" time="19.449"/>
  <testcase classname="Class2.TestCase12_AddProductsIn_Cart" name="testproduct2totalpriceVisibility" time="0.000">
    <skipped/>
  </testcase> <!-- testproduct2totalpriceVisibility -->
  <testcase classname="Class2.TestCase12_AddProductsIn_Cart" name="testnameVisibility" time="0.103"/>
  <testcase classname="Class2.TestCase12_AddProductsIn_Cart" name="testproduct1rateVisibility" time="0.229"/>
  <testcase classname="Class2.TestCase12_AddProductsIn_Cart" name="testproduct2rateVisibility" time="0.000">
    <skipped/>
  </testcase> <!-- testproduct2rateVisibility -->
  <testcase classname="Class2.TestCase12_AddProductsIn_Cart" name="testproduct2quantityVisibility" time="0.000">
    <skipped/>
  </testcase> <!-- testproduct2quantityVisibility -->
  <testcase classname="Class2.TestCase12_AddProductsIn_Cart" name="testproducs1quantityVisibility" time="0.137">
    <failure message="QUANTITY NOT CORRECT expected [true] but found [false]" type="java.lang.AssertionError">
      <![CDATA[java.lang.AssertionError: QUANTITY NOT CORRECT expected [true] but found [false]
at org.testng.Assert.fail(Assert.java:111)
at org.testng.Assert.failNotEquals(Assert.java:1578)
at org.testng.Assert.assertTrue(Assert.java:57)
at Class2.TestCase12_AddProductsIn_Cart.testproducs1quantityVisibility(TestCase12_AddProductsIn_Cart.java:65)
at java.base/jdk.internal.reflect.DirectMethodHandleAccessor.invoke(DirectMethodHandleAccessor.java:104)
at java.base/java.lang.reflect.Method.invoke(Method.java:578)
at org.testng.internal.invokers.MethodInvocationHelper.invokeMethod(MethodInvocationHelper.java:139)
at org.testng.internal.invokers.TestInvoker.invokeMethod(TestInvoker.java:664)
at org.testng.internal.invokers.TestInvoker.invokeTestMethod(TestInvoker.java:227)
at org.testng.internal.invokers.MethodRunner.runInSequence(MethodRunner.java:50)
at org.testng.internal.invokers.TestInvoker$MethodInvocationAgent.invoke(TestInvoker.java:957)
at org.testng.internal.invokers.TestInvoker.invokeTestMethods(TestInvoker.java:200)
at org.testng.internal.invokers.TestMethodWorker.invokeTestMethods(TestMethodWorker.java:148)
at org.testng.internal.invokers.TestMethodWorker.run(TestMethodWorker.java:128)
at java.base/java.util.ArrayList.forEach(ArrayList.java:1511)
at org.testng.TestRunner.privateRun(TestRunner.java:848)
at org.testng.TestRunner.run(TestRunner.java:621)
at org.testng.SuiteRunner.runTest(SuiteRunner.java:443)
at org.testng.SuiteRunner.runSequentially(SuiteRunner.java:437)
at org.testng.SuiteRunner.privateRun(SuiteRunner.java:397)
at org.testng.SuiteRunner.run(SuiteRunner.java:336)
at org.testng.SuiteRunnerWorker.runSuite(SuiteRunnerWorker.java:52)
at org.testng.SuiteRunnerWorker.run(SuiteRunnerWorker.java:95)
at org.testng.TestNG.runSuitesSequentially(TestNG.java:1280)
at org.testng.TestNG.runSuitesLocally(TestNG.java:1200)
at org.testng.TestNG.runSuites(TestNG.java:1114)
at org.testng.TestNG.run(TestNG.java:1082)
at org.testng.remote.AbstractRemoteTestNG.run(AbstractRemoteTestNG.java:115)
at org.testng.remote.RemoteTestNG.initAndRun(RemoteTestNG.java:251)
at org.testng.remote.RemoteTestNG.main(RemoteTestNG.java:77)
]]>
    </failure>
  </testcase> <!-- testproducs1quantityVisibility -->
  <testcase classname="Class2.TestCase12_AddProductsIn_Cart" name="testproduct1totalpriceVisibility" time="0.000">
    <skipped/>
  </testcase> <!-- testproduct1totalpriceVisibility -->
  <testcase classname="Class2.TestCase12_AddProductsIn_Cart" name="testname2Visibility" time="0.001">
    <skipped/>
  </testcase> <!-- testname2Visibility -->
</testsuite> <!-- Class2.TestCase12_AddProductsIn_Cart -->
